sample.interval=20000
"readLines" "summaryRprof" 
"readLines" "summaryRprof" 
"readLines" "summaryRprof" 
"readLines" "summaryRprof" 
"readLines" "summaryRprof" 
"readLines" "summaryRprof" 
"readLines" "summaryRprof" 
"readLines" "summaryRprof" 
"strsplit" "summaryRprof" 
"strsplit" "summaryRprof" 
"strsplit" "summaryRprof" 
"strsplit" "summaryRprof" 
"strsplit" "summaryRprof" 
"strsplit" "summaryRprof" 
"strsplit" "summaryRprof" 
"lapply" "sapply" "summaryRprof" 
"FUN" "lapply" "summaryRprof" 
"FUN" "lapply" "summaryRprof" 
"unique.default" "FUN" "lapply" "summaryRprof" 
"readLines" "summaryRprof" 
"readLines" "summaryRprof" 
"readLines" "summaryRprof" 
"readLines" "summaryRprof" 
"readLines" "summaryRprof" 
"readLines" "summaryRprof" 
"readLines" "summaryRprof" 
"readLines" "summaryRprof" 
"strsplit" "summaryRprof" 
"strsplit" "summaryRprof" 
"strsplit" "summaryRprof" 
"strsplit" "summaryRprof" 
"strsplit" "summaryRprof" 
"strsplit" "summaryRprof" 
"strsplit" "summaryRprof" 
"lapply" "sapply" "summaryRprof" 
"FUN" "lapply" "summaryRprof" 
"unique.default" "FUN" "lapply" "summaryRprof" 
"lapply" "sapply" "summaryRprof" 
"readLines" "summaryRprof" 
"readLines" "summaryRprof" 
"readLines" "summaryRprof" 
"readLines" "summaryRprof" 
"readLines" "summaryRprof" 
"readLines" "summaryRprof" 
"readLines" "summaryRprof" 
"readLines" "summaryRprof" 
"readLines" "summaryRprof" 
"readLines" "summaryRprof" 
"readLines" "summaryRprof" 
"readLines" "summaryRprof" 
"readLines" "summaryRprof" 
"strsplit" "summaryRprof" 
"strsplit" "summaryRprof" 
"strsplit" "summaryRprof" 
"strsplit" "summaryRprof" 
"strsplit" "summaryRprof" 
"strsplit" "summaryRprof" 
"strsplit" "summaryRprof" 
"strsplit" "summaryRprof" 
"strsplit" "summaryRprof" 
"strsplit" "summaryRprof" 
"lapply" "sapply" "summaryRprof" 
"unique.default" "FUN" "lapply" "summaryRprof" 
"unique.default" "FUN" "lapply" "summaryRprof" 
"unique.default" "FUN" "lapply" "summaryRprof" 
"FUN" "lapply" "summaryRprof" 
"sort.int" "sort.default" "sort" "summaryRprof" 
"readLines" "summaryRprof" 
"readLines" "summaryRprof" 
"readLines" "summaryRprof" 
"readLines" "summaryRprof" 
"readLines" "summaryRprof" 
"readLines" "summaryRprof" 
"readLines" "summaryRprof" 
"readLines" "summaryRprof" 
"readLines" "summaryRprof" 
"readLines" "summaryRprof" 
"strsplit" "summaryRprof" 
"strsplit" "summaryRprof" 
"strsplit" "summaryRprof" 
"strsplit" "summaryRprof" 
"strsplit" "summaryRprof" 
"strsplit" "summaryRprof" 
"strsplit" "summaryRprof" 
"strsplit" "summaryRprof" 
"unique.default" "FUN" "lapply" "summaryRprof" 
"unique.default" "FUN" "lapply" "summaryRprof" 
"tabulate" "array" "table" "summaryRprof" 
