\BOOKMARK [-1][-]{part.1}{\376\377\000I\000\040\000I\000n\000t\000r\000o\000d\000u\000c\000t\000i\000o\000n}{}% 1
\BOOKMARK [0][-]{chapter.1}{\376\377\000W\000e\000l\000c\000o\000m\000e\000\040\000t\000o\000\040\000N\000I\000M\000B\000L\000E}{part.1}% 2
\BOOKMARK [1][-]{section.1.1}{\376\377\000W\000h\000a\000t\000\040\000d\000o\000e\000s\000\040\000N\000I\000M\000B\000L\000E\000\040\000d\000o\000?}{chapter.1}% 3
\BOOKMARK [1][-]{section.1.2}{\376\377\000H\000o\000w\000\040\000t\000o\000\040\000u\000s\000e\000\040\000t\000h\000i\000s\000\040\000m\000a\000n\000u\000a\000l}{chapter.1}% 4
\BOOKMARK [0][-]{chapter.2}{\376\377\000L\000i\000g\000h\000t\000n\000i\000n\000g\000\040\000i\000n\000t\000r\000o\000d\000u\000c\000t\000i\000o\000n}{part.1}% 5
\BOOKMARK [1][-]{section.2.1}{\376\377\000A\000\040\000b\000r\000i\000e\000f\000\040\000e\000x\000a\000m\000p\000l\000e}{chapter.2}% 6
\BOOKMARK [1][-]{section.2.2}{\376\377\000C\000r\000e\000a\000t\000i\000n\000g\000\040\000a\000\040\000m\000o\000d\000e\000l}{chapter.2}% 7
\BOOKMARK [1][-]{section.2.3}{\376\377\000C\000o\000m\000p\000i\000l\000i\000n\000g\000\040\000t\000h\000e\000\040\000m\000o\000d\000e\000l}{chapter.2}% 8
\BOOKMARK [1][-]{section.2.4}{\376\377\000C\000r\000e\000a\000t\000i\000n\000g\000,\000\040\000c\000o\000m\000p\000i\000l\000i\000n\000g\000\040\000a\000n\000d\000\040\000r\000u\000n\000n\000i\000n\000g\000\040\000a\000\040\000b\000a\000s\000i\000c\000\040\000M\000C\000M\000C\000\040\000c\000o\000n\000f\000i\000g\000u\000r\000a\000t\000i\000o\000n}{chapter.2}% 9
\BOOKMARK [1][-]{section.2.5}{\376\377\000C\000u\000s\000t\000o\000m\000i\000z\000i\000n\000g\000\040\000t\000h\000e\000\040\000M\000C\000M\000C}{chapter.2}% 10
\BOOKMARK [1][-]{section.2.6}{\376\377\000R\000u\000n\000n\000i\000n\000g\000\040\000M\000C\000E\000M}{chapter.2}% 11
\BOOKMARK [1][-]{section.2.7}{\376\377\000C\000r\000e\000a\000t\000i\000n\000g\000\040\000y\000o\000u\000r\000\040\000o\000w\000n\000\040\000f\000u\000n\000c\000t\000i\000o\000n\000s}{chapter.2}% 12
\BOOKMARK [0][-]{chapter.3}{\376\377\000M\000o\000r\000e\000\040\000i\000n\000t\000r\000o\000d\000u\000c\000t\000i\000o\000n}{part.1}% 13
\BOOKMARK [1][-]{section.3.1}{\376\377\000N\000I\000M\000B\000L\000E\000\040\000a\000d\000o\000p\000t\000s\000\040\000a\000n\000d\000\040\000e\000x\000t\000e\000n\000d\000s\000\040\000t\000h\000e\000\040\000B\000U\000G\000S\000\040\000l\000a\000n\000g\000u\000a\000g\000e\000\040\000f\000o\000r\000\040\000s\000p\000e\000c\000i\000f\000y\000i\000n\000g\000\040\000m\000o\000d\000e\000l\000s}{chapter.3}% 14
\BOOKMARK [1][-]{section.3.2}{\376\377\000n\000i\000m\000b\000l\000e\000F\000u\000n\000c\000t\000i\000o\000n\000s\000\040\000f\000o\000r\000\040\000w\000r\000i\000t\000i\000n\000g\000\040\000a\000l\000g\000o\000r\000i\000t\000h\000m\000s}{chapter.3}% 15
\BOOKMARK [1][-]{section.3.3}{\376\377\000T\000h\000e\000\040\000N\000I\000M\000B\000L\000E\000\040\000a\000l\000g\000o\000r\000i\000t\000h\000m\000\040\000l\000i\000b\000r\000a\000r\000y}{chapter.3}% 16
\BOOKMARK [0][-]{chapter.4}{\376\377\000I\000n\000s\000t\000a\000l\000l\000i\000n\000g\000\040\000N\000I\000M\000B\000L\000E}{part.1}% 17
\BOOKMARK [1][-]{section.4.1}{\376\377\000R\000e\000q\000u\000i\000r\000e\000m\000e\000n\000t\000s\000\040\000t\000o\000\040\000r\000u\000n\000\040\000N\000I\000M\000B\000L\000E}{chapter.4}% 18
\BOOKMARK [1][-]{section.4.2}{\376\377\000I\000n\000s\000t\000a\000l\000l\000i\000n\000g\000\040\000a\000\040\000C\000+\000+\000\040\000c\000o\000m\000p\000i\000l\000e\000r\000\040\000f\000o\000r\000\040\000N\000I\000M\000B\000L\000E\000\040\000t\000o\000\040\000u\000s\000e}{chapter.4}% 19
\BOOKMARK [2][-]{subsection.4.2.1}{\376\377\000O\000S\000\040\000X}{section.4.2}% 20
\BOOKMARK [2][-]{subsection.4.2.2}{\376\377\000L\000i\000n\000u\000x}{section.4.2}% 21
\BOOKMARK [2][-]{subsection.4.2.3}{\376\377\000W\000i\000n\000d\000o\000w\000s}{section.4.2}% 22
\BOOKMARK [1][-]{section.4.3}{\376\377\000I\000n\000s\000t\000a\000l\000l\000i\000n\000g\000\040\000t\000h\000e\000\040\000N\000I\000M\000B\000L\000E\000\040\000p\000a\000c\000k\000a\000g\000e}{chapter.4}% 23
\BOOKMARK [2][-]{subsection.4.3.1}{\376\377\000P\000r\000o\000b\000l\000e\000m\000s\000\040\000w\000i\000t\000h\000\040\000i\000n\000s\000t\000a\000l\000l\000a\000t\000i\000o\000n}{section.4.3}% 24
\BOOKMARK [1][-]{section.4.4}{\376\377\000C\000u\000s\000t\000o\000m\000i\000z\000i\000n\000g\000\040\000y\000o\000u\000r\000\040\000i\000n\000s\000t\000a\000l\000l\000a\000t\000i\000o\000n}{chapter.4}% 25
\BOOKMARK [2][-]{subsection.4.4.1}{\376\377\000U\000s\000i\000n\000g\000\040\000y\000o\000u\000r\000\040\000o\000w\000n\000\040\000c\000o\000p\000y\000\040\000o\000f\000\040\000E\000i\000g\000e\000n}{section.4.4}% 26
\BOOKMARK [2][-]{subsection.4.4.2}{\376\377\000U\000s\000i\000n\000g\000\040\000l\000i\000b\000n\000i\000m\000b\000l\000e}{section.4.4}% 27
\BOOKMARK [2][-]{subsection.4.4.3}{\376\377\000B\000L\000A\000S\000\040\000a\000n\000d\000\040\000L\000A\000P\000A\000C\000K}{section.4.4}% 28
\BOOKMARK [2][-]{subsection.4.4.4}{\376\377\000C\000u\000s\000t\000o\000m\000i\000z\000i\000n\000g\000\040\000c\000o\000m\000p\000i\000l\000a\000t\000i\000o\000n\000\040\000o\000f\000\040\000t\000h\000e\000\040\000N\000I\000M\000B\000L\000E\000-\000g\000e\000n\000e\000r\000a\000t\000e\000d\000\040\000C\000+\000+}{section.4.4}% 29
\BOOKMARK [-1][-]{part.2}{\376\377\000I\000I\000\040\000M\000o\000d\000e\000l\000s\000\040\000i\000n\000\040\000N\000I\000M\000B\000L\000E}{}% 30
\BOOKMARK [0][-]{chapter.5}{\376\377\000W\000r\000i\000t\000i\000n\000g\000\040\000m\000o\000d\000e\000l\000s\000\040\000i\000n\000\040\000N\000I\000M\000B\000L\000E\000'\000s\000\040\000d\000i\000a\000l\000e\000c\000t\000\040\000o\000f\000\040\000B\000U\000G\000S}{part.2}% 31
\BOOKMARK [1][-]{section.5.1}{\376\377\000C\000o\000m\000p\000a\000r\000i\000s\000o\000n\000\040\000t\000o\000\040\000B\000U\000G\000S\000\040\000d\000i\000a\000l\000e\000c\000t\000s\000\040\000s\000u\000p\000p\000o\000r\000t\000e\000d\000\040\000b\000y\000\040\000W\000i\000n\000B\000U\000G\000S\000,\000\040\000O\000p\000e\000n\000B\000U\000G\000S\000\040\000a\000n\000d\000\040\000J\000A\000G\000S}{chapter.5}% 32
\BOOKMARK [2][-]{subsection.5.1.1}{\376\377\000S\000u\000p\000p\000o\000r\000t\000e\000d\000\040\000f\000e\000a\000t\000u\000r\000e\000s\000\040\000o\000f\000\040\000B\000U\000G\000S\000\040\000a\000n\000d\000\040\000J\000A\000G\000S}{section.5.1}% 33
\BOOKMARK [2][-]{subsection.5.1.2}{\376\377\000N\000I\000M\000B\000L\000E\000'\000s\000\040\000E\000x\000t\000e\000n\000s\000i\000o\000n\000s\000\040\000t\000o\000\040\000B\000U\000G\000S\000\040\000a\000n\000d\000\040\000J\000A\000G\000S}{section.5.1}% 34
\BOOKMARK [2][-]{subsection.5.1.3}{\376\377\000N\000o\000t\000-\000y\000e\000t\000-\000s\000u\000p\000p\000o\000r\000t\000e\000d\000\040\000f\000e\000a\000t\000u\000r\000e\000s\000\040\000o\000f\000\040\000B\000U\000G\000S\000\040\000a\000n\000d\000\040\000J\000A\000G\000S}{section.5.1}% 35
\BOOKMARK [1][-]{section.5.2}{\376\377\000W\000r\000i\000t\000i\000n\000g\000\040\000m\000o\000d\000e\000l\000s}{chapter.5}% 36
\BOOKMARK [2][-]{subsection.5.2.1}{\376\377\000D\000e\000c\000l\000a\000r\000i\000n\000g\000\040\000s\000t\000o\000c\000h\000a\000s\000t\000i\000c\000\040\000a\000n\000d\000\040\000d\000e\000t\000e\000r\000m\000i\000n\000i\000s\000t\000i\000c\000\040\000n\000o\000d\000e\000s}{section.5.2}% 37
\BOOKMARK [2][-]{subsection.5.2.2}{\376\377\000M\000o\000r\000e\000\040\000k\000i\000n\000d\000s\000\040\000o\000f\000\040\000B\000U\000G\000S\000\040\000d\000e\000c\000l\000a\000r\000a\000t\000i\000o\000n\000s}{section.5.2}% 38
\BOOKMARK [2][-]{subsection.5.2.3}{\376\377\000V\000e\000c\000t\000o\000r\000i\000z\000e\000d\000\040\000v\000e\000r\000s\000u\000s\000\040\000s\000c\000a\000l\000a\000r\000\040\000d\000e\000c\000l\000a\000r\000a\000t\000i\000o\000n\000s}{section.5.2}% 39
\BOOKMARK [2][-]{subsection.5.2.4}{\376\377\000A\000v\000a\000i\000l\000a\000b\000l\000e\000\040\000d\000i\000s\000t\000r\000i\000b\000u\000t\000i\000o\000n\000s}{section.5.2}% 40
\BOOKMARK [2][-]{subsection.5.2.5}{\376\377\000A\000v\000a\000i\000l\000a\000b\000l\000e\000\040\000B\000U\000G\000S\000\040\000l\000a\000n\000g\000u\000a\000g\000e\000\040\000f\000u\000n\000c\000t\000i\000o\000n\000s}{section.5.2}% 41
\BOOKMARK [2][-]{subsection.5.2.6}{\376\377\000A\000v\000a\000i\000l\000a\000b\000l\000e\000\040\000l\000i\000n\000k\000\040\000f\000u\000n\000c\000t\000i\000o\000n\000s}{section.5.2}% 42
\BOOKMARK [2][-]{subsection.5.2.7}{\376\377\000T\000r\000u\000n\000c\000a\000t\000i\000o\000n\000,\000\040\000c\000e\000n\000s\000o\000r\000i\000n\000g\000,\000\040\000a\000n\000d\000\040\000c\000o\000n\000s\000t\000r\000a\000i\000n\000t\000s}{section.5.2}% 43
\BOOKMARK [0][-]{chapter.6}{\376\377\000B\000u\000i\000l\000d\000i\000n\000g\000\040\000a\000n\000d\000\040\000u\000s\000i\000n\000g\000\040\000m\000o\000d\000e\000l\000s}{part.2}% 44
\BOOKMARK [1][-]{section.6.1}{\376\377\000C\000r\000e\000a\000t\000i\000n\000g\000\040\000m\000o\000d\000e\000l\000\040\000o\000b\000j\000e\000c\000t\000s}{chapter.6}% 45
\BOOKMARK [2][-]{subsection.6.1.1}{\376\377\000U\000s\000i\000n\000g\000\040\000n\000i\000m\000b\000l\000e\000M\000o\000d\000e\000l\000\040\000t\000o\000\040\000c\000r\000e\000a\000t\000e\000\040\000a\000\040\000m\000o\000d\000e\000l}{section.6.1}% 46
\BOOKMARK [2][-]{subsection.6.1.2}{\376\377\000C\000r\000e\000a\000t\000i\000n\000g\000\040\000a\000\040\000m\000o\000d\000e\000l\000\040\000f\000r\000o\000m\000\040\000s\000t\000a\000n\000d\000a\000r\000d\000\040\000B\000U\000G\000S\000\040\000a\000n\000d\000\040\000J\000A\000G\000S\000\040\000i\000n\000p\000u\000t\000\040\000f\000i\000l\000e\000s}{section.6.1}% 47
\BOOKMARK [2][-]{subsection.6.1.3}{\376\377\000M\000a\000k\000i\000n\000g\000\040\000m\000u\000l\000t\000i\000p\000l\000e\000\040\000i\000n\000s\000t\000a\000n\000c\000e\000s\000\040\000f\000r\000o\000m\000\040\000t\000h\000e\000\040\000s\000a\000m\000e\000\040\000m\000o\000d\000e\000l\000\040\000d\000e\000f\000i\000n\000i\000t\000i\000o\000n}{section.6.1}% 48
\BOOKMARK [1][-]{section.6.2}{\376\377\000N\000I\000M\000B\000L\000E\000\040\000m\000o\000d\000e\000l\000s\000\040\000a\000r\000e\000\040\000o\000b\000j\000e\000c\000t\000s\000\040\000y\000o\000u\000\040\000c\000a\000n\000\040\000q\000u\000e\000r\000y\000\040\000a\000n\000d\000\040\000m\000a\000n\000i\000p\000u\000l\000a\000t\000e}{chapter.6}% 49
\BOOKMARK [2][-]{subsection.6.2.1}{\376\377\000W\000h\000a\000t\000\040\000a\000r\000e\000\040\000v\000a\000r\000i\000a\000b\000l\000e\000s\000\040\000a\000n\000d\000\040\000n\000o\000d\000e\000s\000?}{section.6.2}% 50
\BOOKMARK [2][-]{subsection.6.2.2}{\376\377\000D\000e\000t\000e\000r\000m\000i\000n\000i\000n\000g\000\040\000t\000h\000e\000\040\000n\000o\000d\000e\000s\000\040\000a\000n\000d\000\040\000v\000a\000r\000i\000a\000b\000l\000e\000s\000\040\000i\000n\000\040\000a\000\040\000m\000o\000d\000e\000l}{section.6.2}% 51
\BOOKMARK [2][-]{subsection.6.2.3}{\376\377\000A\000c\000c\000e\000s\000s\000i\000n\000g\000\040\000n\000o\000d\000e\000s}{section.6.2}% 52
\BOOKMARK [2][-]{subsection.6.2.4}{\376\377\000H\000o\000w\000\040\000n\000o\000d\000e\000s\000\040\000a\000r\000e\000\040\000n\000a\000m\000e\000d}{section.6.2}% 53
\BOOKMARK [2][-]{subsection.6.2.5}{\376\377\000W\000h\000y\000\040\000u\000s\000e\000\040\000n\000o\000d\000e\000\040\000n\000a\000m\000e\000s\000?}{section.6.2}% 54
\BOOKMARK [2][-]{subsection.6.2.6}{\376\377\000C\000h\000e\000c\000k\000i\000n\000g\000\040\000i\000f\000\040\000a\000\040\000n\000o\000d\000e\000\040\000h\000o\000l\000d\000s\000\040\000d\000a\000t\000a}{section.6.2}% 55
\BOOKMARK [-1][-]{part.3}{\376\377\000I\000I\000I\000\040\000A\000l\000g\000o\000r\000i\000t\000h\000m\000s\000\040\000i\000n\000\040\000N\000I\000M\000B\000L\000E}{}% 56
\BOOKMARK [0][-]{chapter.7}{\376\377\000M\000C\000M\000C}{part.3}% 57
\BOOKMARK [1][-]{section.7.1}{\376\377\000T\000h\000e\000\040\000M\000C\000M\000C\000\040\000c\000o\000n\000f\000i\000g\000u\000r\000a\000t\000i\000o\000n}{chapter.7}% 58
\BOOKMARK [2][-]{subsection.7.1.1}{\376\377\000D\000e\000f\000a\000u\000l\000t\000\040\000M\000C\000M\000C\000\040\000c\000o\000n\000f\000i\000g\000u\000r\000a\000t\000i\000o\000n}{section.7.1}% 59
\BOOKMARK [2][-]{subsection.7.1.2}{\376\377\000C\000u\000s\000t\000o\000m\000i\000z\000i\000n\000g\000\040\000t\000h\000e\000\040\000M\000C\000M\000C\000\040\000c\000o\000n\000f\000i\000g\000u\000r\000a\000t\000i\000o\000n}{section.7.1}% 60
\BOOKMARK [1][-]{section.7.2}{\376\377\000B\000u\000i\000l\000d\000i\000n\000g\000\040\000a\000n\000d\000\040\000c\000o\000m\000p\000i\000l\000i\000n\000g\000\040\000t\000h\000e\000\040\000M\000C\000M\000C}{chapter.7}% 61
\BOOKMARK [1][-]{section.7.3}{\376\377\000R\000u\000n\000n\000i\000n\000g\000\040\000t\000h\000e\000\040\000M\000C\000M\000C}{chapter.7}% 62
\BOOKMARK [2][-]{subsection.7.3.1}{\376\377\000M\000e\000a\000s\000u\000r\000i\000n\000g\000\040\000s\000a\000m\000p\000l\000e\000r\000\040\000c\000o\000m\000p\000u\000t\000a\000t\000i\000o\000n\000\040\000t\000i\000m\000e\000s\000:\000\040\000g\000e\000t\000T\000i\000m\000e\000s}{section.7.3}% 63
\BOOKMARK [1][-]{section.7.4}{\376\377\000E\000x\000t\000r\000a\000c\000t\000i\000n\000g\000\040\000M\000C\000M\000C\000\040\000s\000a\000m\000p\000l\000e\000s}{chapter.7}% 64
\BOOKMARK [1][-]{section.7.5}{\376\377\000R\000u\000n\000n\000i\000n\000g\000\040\000m\000u\000l\000t\000i\000p\000l\000e\000\040\000M\000C\000M\000C\000\040\000c\000h\000a\000i\000n\000s}{chapter.7}% 65
\BOOKMARK [1][-]{section.7.6}{\376\377\000S\000a\000m\000p\000l\000e\000r\000s\000\040\000p\000r\000o\000v\000i\000d\000e\000d\000\040\000w\000i\000t\000h\000\040\000N\000I\000M\000B\000L\000E}{chapter.7}% 66
\BOOKMARK [2][-]{subsection.7.6.1}{\376\377\000C\000o\000n\000j\000u\000g\000a\000t\000e\000\040\000\050\000`\000G\000i\000b\000b\000s\000'\000\051\000\040\000s\000a\000m\000p\000l\000e\000r\000s}{section.7.6}% 67
\BOOKMARK [2][-]{subsection.7.6.2}{\376\377\000C\000u\000s\000t\000o\000m\000i\000z\000e\000d\000\040\000l\000o\000g\000-\000l\000i\000k\000e\000l\000i\000h\000o\000o\000d\000\040\000e\000v\000a\000l\000u\000a\000t\000i\000o\000n\000s\000:\000\040\000R\000W\000\137\000l\000l\000F\000u\000n\000c\000t\000i\000o\000n\000\040\000s\000a\000m\000p\000l\000e\000r}{section.7.6}% 68
\BOOKMARK [2][-]{subsection.7.6.3}{\376\377\000P\000a\000r\000t\000i\000c\000l\000e\000\040\000M\000C\000M\000C\000\040\000P\000M\000C\000M\000C\000\040\000s\000a\000m\000p\000l\000e\000r}{section.7.6}% 69
\BOOKMARK [1][-]{section.7.7}{\376\377\000D\000e\000t\000a\000i\000l\000e\000d\000\040\000M\000C\000M\000C\000\040\000e\000x\000a\000m\000p\000l\000e\000:\000\040\000l\000i\000t\000t\000e\000r\000s}{chapter.7}% 70
\BOOKMARK [1][-]{section.7.8}{\376\377\000C\000o\000m\000p\000a\000r\000i\000n\000g\000\040\000d\000i\000f\000f\000e\000r\000e\000n\000t\000\040\000M\000C\000M\000C\000s\000\040\000w\000i\000t\000h\000\040\000M\000C\000M\000C\000s\000u\000i\000t\000e\000\040\000a\000n\000d\000\040\000c\000o\000m\000p\000a\000r\000e\000M\000C\000M\000C\000s}{chapter.7}% 71
\BOOKMARK [2][-]{subsection.7.8.1}{\376\377\000M\000C\000M\000C\000\040\000S\000u\000i\000t\000e\000\040\000e\000x\000a\000m\000p\000l\000e\000:\000\040\000l\000i\000t\000t\000e\000r\000s}{section.7.8}% 72
\BOOKMARK [2][-]{subsection.7.8.2}{\376\377\000M\000C\000M\000C\000\040\000S\000u\000i\000t\000e\000\040\000o\000u\000t\000p\000u\000t\000s}{section.7.8}% 73
\BOOKMARK [2][-]{subsection.7.8.3}{\376\377\000C\000u\000s\000t\000o\000m\000i\000z\000i\000n\000g\000\040\000M\000C\000M\000C\000\040\000S\000u\000i\000t\000e}{section.7.8}% 74
\BOOKMARK [0][-]{chapter.8}{\376\377\000S\000e\000q\000u\000e\000n\000t\000i\000a\000l\000\040\000M\000o\000n\000t\000e\000\040\000C\000a\000r\000l\000o\000\040\000a\000n\000d\000\040\000M\000C\000E\000M}{part.3}% 75
\BOOKMARK [1][-]{section.8.1}{\376\377\000P\000a\000r\000t\000i\000c\000l\000e\000\040\000F\000i\000l\000t\000e\000r\000s\000\040\000/\000\040\000S\000e\000q\000u\000e\000n\000t\000i\000a\000l\000\040\000M\000o\000n\000t\000e\000\040\000C\000a\000r\000l\000o}{chapter.8}% 76
\BOOKMARK [2][-]{subsection.8.1.1}{\376\377\000F\000i\000l\000t\000e\000r\000i\000n\000g\000\040\000A\000l\000g\000o\000r\000i\000t\000h\000m\000s}{section.8.1}% 77
\BOOKMARK [2][-]{subsection.8.1.2}{\376\377\000P\000a\000r\000t\000i\000c\000l\000e\000\040\000M\000C\000M\000C\000\040\000\050\000P\000M\000C\000M\000C\000\051}{section.8.1}% 78
\BOOKMARK [1][-]{section.8.2}{\376\377\000M\000o\000n\000t\000e\000\040\000C\000a\000r\000l\000o\000\040\000E\000x\000p\000e\000c\000t\000a\000t\000i\000o\000n\000\040\000M\000a\000x\000i\000m\000i\000z\000a\000t\000i\000o\000n\000\040\000\050\000M\000C\000E\000M\000\051}{chapter.8}% 79
\BOOKMARK [2][-]{subsection.8.2.1}{\376\377\000E\000s\000t\000i\000m\000a\000t\000i\000n\000g\000\040\000t\000h\000e\000\040\000A\000s\000y\000m\000p\000t\000o\000t\000i\000c\000\040\000C\000o\000v\000a\000r\000i\000a\000n\000c\000e\000\040\000F\000r\000o\000m\000\040\000M\000C\000E\000M}{section.8.2}% 80
\BOOKMARK [-1][-]{part.4}{\376\377\000I\000V\000\040\000P\000r\000o\000g\000r\000a\000m\000m\000i\000n\000g\000\040\000w\000i\000t\000h\000\040\000N\000I\000M\000B\000L\000E}{}% 81
\BOOKMARK [0][-]{chapter.9}{\376\377\000W\000r\000i\000t\000i\000n\000g\000\040\000s\000i\000m\000p\000l\000e\000\040\000n\000i\000m\000b\000l\000e\000F\000u\000n\000c\000t\000i\000o\000n\000s}{part.4}% 82
\BOOKMARK [1][-]{section.9.1}{\376\377\000I\000n\000t\000r\000o\000d\000u\000c\000t\000i\000o\000n\000\040\000t\000o\000\040\000s\000i\000m\000p\000l\000e\000\040\000n\000i\000m\000b\000l\000e\000F\000u\000n\000c\000t\000i\000o\000n\000s}{chapter.9}% 83
\BOOKMARK [1][-]{section.9.2}{\376\377\000R\000\040\000f\000u\000n\000c\000t\000i\000o\000n\000s\000\040\000\050\000o\000r\000\040\000v\000a\000r\000i\000a\000n\000t\000s\000\051\000\040\000i\000m\000p\000l\000e\000m\000e\000n\000t\000e\000d\000\040\000i\000n\000\040\000N\000I\000M\000B\000L\000E}{chapter.9}% 84
\BOOKMARK [2][-]{subsection.9.2.1}{\376\377\000F\000i\000n\000d\000i\000n\000g\000\040\000h\000e\000l\000p\000\040\000f\000o\000r\000\040\000N\000I\000M\000B\000L\000E\000'\000s\000\040\000v\000e\000r\000s\000i\000o\000n\000s\000\040\000o\000f\000\040\000R\000\040\000f\000u\000n\000c\000t\000i\000o\000n\000s}{section.9.2}% 85
\BOOKMARK [2][-]{subsection.9.2.2}{\376\377\000B\000a\000s\000i\000c\000\040\000o\000p\000e\000r\000a\000t\000i\000o\000n\000s}{section.9.2}% 86
\BOOKMARK [2][-]{subsection.9.2.3}{\376\377\000M\000a\000t\000h\000\040\000a\000n\000d\000\040\000l\000i\000n\000e\000a\000r\000\040\000a\000l\000g\000e\000b\000r\000a}{section.9.2}% 87
\BOOKMARK [2][-]{subsection.9.2.4}{\376\377\000D\000i\000s\000t\000r\000i\000b\000u\000t\000i\000o\000n\000\040\000f\000u\000n\000c\000t\000i\000o\000n\000s}{section.9.2}% 88
\BOOKMARK [2][-]{subsection.9.2.5}{\376\377\000F\000l\000o\000w\000\040\000c\000o\000n\000t\000r\000o\000l\000:\000\040\000i\000f\000-\000t\000h\000e\000n\000-\000e\000l\000s\000e\000,\000\040\000f\000o\000r\000,\000\040\000w\000h\000i\000l\000e\000,\000\040\000a\000n\000d\000\040\000s\000t\000o\000p}{section.9.2}% 89
\BOOKMARK [2][-]{subsection.9.2.6}{\376\377\000p\000r\000i\000n\000t\000\040\000a\000n\000d\000\040\000c\000a\000t}{section.9.2}% 90
\BOOKMARK [2][-]{subsection.9.2.7}{\376\377\000C\000h\000e\000c\000k\000i\000n\000g\000\040\000f\000o\000r\000\040\000u\000s\000e\000r\000\040\000i\000n\000t\000e\000r\000r\000u\000p\000t\000s\000:\000\040\000c\000h\000e\000c\000k\000I\000n\000t\000e\000r\000r\000u\000p\000t}{section.9.2}% 91
\BOOKMARK [2][-]{subsection.9.2.8}{\376\377\000O\000p\000t\000i\000m\000i\000z\000a\000t\000i\000o\000n\000:\000\040\000o\000p\000t\000i\000m\000\040\000a\000n\000d\000\040\000n\000i\000m\000O\000p\000t\000i\000m}{section.9.2}% 92
\BOOKMARK [2][-]{subsection.9.2.9}{\376\377\000`\000`\000n\000i\000m\000'\000'\000\040\000s\000y\000n\000o\000n\000y\000m\000s\000\040\000f\000o\000r\000\040\000s\000o\000m\000e\000\040\000f\000u\000n\000c\000t\000i\000o\000n\000s}{section.9.2}% 93
\BOOKMARK [1][-]{section.9.3}{\376\377\000H\000o\000w\000\040\000N\000I\000M\000B\000L\000E\000\040\000h\000a\000n\000d\000l\000e\000s\000\040\000t\000y\000p\000e\000s\000\040\000o\000f\000\040\000v\000a\000r\000i\000a\000b\000l\000e\000s}{chapter.9}% 94
\BOOKMARK [2][-]{subsection.9.3.1}{\376\377\000n\000i\000m\000b\000l\000e\000L\000i\000s\000t\000\040\000d\000a\000t\000a\000\040\000s\000t\000r\000u\000c\000t\000u\000r\000e\000s}{section.9.3}% 95
\BOOKMARK [2][-]{subsection.9.3.2}{\376\377\000H\000o\000w\000\040\000n\000u\000m\000e\000r\000i\000c\000\040\000t\000y\000p\000e\000s\000\040\000w\000o\000r\000k}{section.9.3}% 96
\BOOKMARK [1][-]{section.9.4}{\376\377\000D\000e\000c\000l\000a\000r\000i\000n\000g\000\040\000a\000r\000g\000u\000m\000e\000n\000t\000\040\000a\000n\000d\000\040\000r\000e\000t\000u\000r\000n\000\040\000t\000y\000p\000e\000s}{chapter.9}% 97
\BOOKMARK [1][-]{section.9.5}{\376\377\000C\000o\000m\000p\000i\000l\000e\000d\000\040\000n\000i\000m\000b\000l\000e\000F\000u\000n\000c\000t\000i\000o\000n\000s\000\040\000p\000a\000s\000s\000\040\000a\000r\000g\000u\000m\000e\000n\000t\000s\000\040\000b\000y\000\040\000r\000e\000f\000e\000r\000e\000n\000c\000e}{chapter.9}% 98
\BOOKMARK [0][-]{chapter.10}{\376\377\000C\000r\000e\000a\000t\000i\000n\000g\000\040\000u\000s\000e\000r\000-\000d\000e\000f\000i\000n\000e\000d\000\040\000B\000U\000G\000S\000\040\000d\000i\000s\000t\000r\000i\000b\000u\000t\000i\000o\000n\000s\000\040\000a\000n\000d\000\040\000f\000u\000n\000c\000t\000i\000o\000n\000s}{part.4}% 99
\BOOKMARK [1][-]{section.10.1}{\376\377\000U\000s\000e\000r\000-\000d\000e\000f\000i\000n\000e\000d\000\040\000f\000u\000n\000c\000t\000i\000o\000n\000s}{chapter.10}% 100
\BOOKMARK [1][-]{section.10.2}{\376\377\000U\000s\000e\000r\000-\000d\000e\000f\000i\000n\000e\000d\000\040\000d\000i\000s\000t\000r\000i\000b\000u\000t\000i\000o\000n\000s}{chapter.10}% 101
\BOOKMARK [2][-]{subsection.10.2.1}{\376\377\000U\000s\000i\000n\000g\000\040\000r\000e\000g\000i\000s\000t\000e\000r\000D\000i\000s\000t\000r\000i\000b\000u\000t\000i\000o\000n\000s\000\040\000f\000o\000r\000\040\000a\000l\000t\000e\000r\000n\000a\000t\000i\000v\000e\000\040\000p\000a\000r\000a\000m\000e\000t\000e\000r\000i\000z\000a\000t\000i\000o\000n\000s\000\040\000a\000n\000d\000\040\000p\000r\000o\000v\000i\000d\000i\000n\000g\000\040\000o\000t\000h\000e\000r\000\040\000i\000n\000f\000o\000r\000m\000a\000t\000i\000o\000n}{section.10.2}% 102
\BOOKMARK [0][-]{chapter.11}{\376\377\000W\000o\000r\000k\000i\000n\000g\000\040\000w\000i\000t\000h\000\040\000N\000I\000M\000B\000L\000E\000\040\000m\000o\000d\000e\000l\000s}{part.4}% 103
\BOOKMARK [1][-]{section.11.1}{\376\377\000T\000h\000e\000\040\000v\000a\000r\000i\000a\000b\000l\000e\000s\000\040\000a\000n\000d\000\040\000n\000o\000d\000e\000s\000\040\000i\000n\000\040\000a\000\040\000N\000I\000M\000B\000L\000E\000\040\000m\000o\000d\000e\000l}{chapter.11}% 104
\BOOKMARK [2][-]{subsection.11.1.1}{\376\377\000D\000e\000t\000e\000r\000m\000i\000n\000i\000n\000g\000\040\000t\000h\000e\000\040\000n\000o\000d\000e\000s\000\040\000i\000n\000\040\000a\000\040\000m\000o\000d\000e\000l}{section.11.1}% 105
\BOOKMARK [2][-]{subsection.11.1.2}{\376\377\000U\000n\000d\000e\000r\000s\000t\000a\000n\000d\000i\000n\000g\000\040\000l\000i\000f\000t\000e\000d\000\040\000n\000o\000d\000e\000s}{section.11.1}% 106
\BOOKMARK [2][-]{subsection.11.1.3}{\376\377\000D\000e\000t\000e\000r\000m\000i\000n\000i\000n\000g\000\040\000d\000e\000p\000e\000n\000d\000e\000n\000c\000i\000e\000s\000\040\000i\000n\000\040\000a\000\040\000m\000o\000d\000e\000l}{section.11.1}% 107
\BOOKMARK [1][-]{section.11.2}{\376\377\000A\000c\000c\000e\000s\000s\000i\000n\000g\000\040\000i\000n\000f\000o\000r\000m\000a\000t\000i\000o\000n\000\040\000a\000b\000o\000u\000t\000\040\000n\000o\000d\000e\000s\000\040\000a\000n\000d\000\040\000v\000a\000r\000i\000a\000b\000l\000e\000s}{chapter.11}% 108
\BOOKMARK [2][-]{subsection.11.2.1}{\376\377\000G\000e\000t\000t\000i\000n\000g\000\040\000d\000i\000s\000t\000r\000i\000b\000u\000t\000i\000o\000n\000a\000l\000\040\000i\000n\000f\000o\000r\000m\000a\000t\000i\000o\000n\000\040\000a\000b\000o\000u\000t\000\040\000a\000\040\000n\000o\000d\000e}{section.11.2}% 109
\BOOKMARK [2][-]{subsection.11.2.2}{\376\377\000G\000e\000t\000t\000i\000n\000g\000\040\000i\000n\000f\000o\000r\000m\000a\000t\000i\000o\000n\000\040\000a\000b\000o\000u\000t\000\040\000a\000\040\000d\000i\000s\000t\000r\000i\000b\000u\000t\000i\000o\000n}{section.11.2}% 110
\BOOKMARK [2][-]{subsection.11.2.3}{\376\377\000G\000e\000t\000t\000i\000n\000g\000\040\000d\000i\000s\000t\000r\000i\000b\000u\000t\000i\000o\000n\000\040\000p\000a\000r\000a\000m\000e\000t\000e\000r\000\040\000v\000a\000l\000u\000e\000s\000\040\000f\000o\000r\000\040\000a\000\040\000n\000o\000d\000e}{section.11.2}% 111
\BOOKMARK [2][-]{subsection.11.2.4}{\376\377\000G\000e\000t\000t\000i\000n\000g\000\040\000d\000i\000s\000t\000r\000i\000b\000u\000t\000i\000o\000n\000\040\000b\000o\000u\000n\000d\000s\000\040\000f\000o\000r\000\040\000a\000\040\000n\000o\000d\000e}{section.11.2}% 112
\BOOKMARK [1][-]{section.11.3}{\376\377\000C\000a\000r\000r\000y\000i\000n\000g\000\040\000o\000u\000t\000\040\000m\000o\000d\000e\000l\000\040\000c\000a\000l\000c\000u\000l\000a\000t\000i\000o\000n\000s}{chapter.11}% 113
\BOOKMARK [2][-]{subsection.11.3.1}{\376\377\000C\000o\000r\000e\000\040\000m\000o\000d\000e\000l\000\040\000o\000p\000e\000r\000a\000t\000i\000o\000n\000s\000:\000\040\000c\000a\000l\000c\000u\000l\000a\000t\000i\000o\000n\000\040\000a\000n\000d\000\040\000s\000i\000m\000u\000l\000a\000t\000i\000o\000n}{section.11.3}% 114
\BOOKMARK [2][-]{subsection.11.3.2}{\376\377\000P\000r\000e\000-\000d\000e\000f\000i\000n\000e\000d\000\040\000n\000i\000m\000b\000l\000e\000F\000u\000n\000c\000t\000i\000o\000n\000s\000\040\000f\000o\000r\000\040\000o\000p\000e\000r\000a\000t\000i\000n\000g\000\040\000o\000n\000\040\000m\000o\000d\000e\000l\000\040\000n\000o\000d\000e\000s\000:\000\040\000s\000i\000m\000N\000o\000d\000e\000s\000,\000\040\000c\000a\000l\000c\000N\000o\000d\000e\000s\000,\000\040\000a\000n\000d\000\040\000g\000e\000t\000L\000o\000g\000P\000r\000o\000b\000N\000o\000d\000e\000s}{section.11.3}% 115
\BOOKMARK [2][-]{subsection.11.3.3}{\376\377\000A\000c\000c\000e\000s\000s\000i\000n\000g\000\040\000l\000o\000g\000\040\000p\000r\000o\000b\000a\000b\000i\000l\000i\000t\000i\000e\000s\000\040\000v\000i\000a\000\040\000l\000o\000g\000P\000r\000o\000b\000\040\000v\000a\000r\000i\000a\000b\000l\000e\000s}{section.11.3}% 116
\BOOKMARK [0][-]{chapter.12}{\376\377\000D\000a\000t\000a\000\040\000s\000t\000r\000u\000c\000t\000u\000r\000e\000s\000\040\000i\000n\000\040\000N\000I\000M\000B\000L\000E}{part.4}% 117
\BOOKMARK [1][-]{section.12.1}{\376\377\000T\000h\000e\000\040\000m\000o\000d\000e\000l\000V\000a\000l\000u\000e\000s\000\040\000d\000a\000t\000a\000\040\000s\000t\000r\000u\000c\000t\000u\000r\000e}{chapter.12}% 118
\BOOKMARK [2][-]{subsection.12.1.1}{\376\377\000C\000r\000e\000a\000t\000i\000n\000g\000\040\000m\000o\000d\000e\000l\000V\000a\000l\000u\000e\000s\000\040\000o\000b\000j\000e\000c\000t\000s}{section.12.1}% 119
\BOOKMARK [2][-]{subsection.12.1.2}{\376\377\000A\000c\000c\000e\000s\000s\000i\000n\000g\000\040\000c\000o\000n\000t\000e\000n\000t\000s\000\040\000o\000f\000\040\000m\000o\000d\000e\000l\000V\000a\000l\000u\000e\000s}{section.12.1}% 120
\BOOKMARK [1][-]{section.12.2}{\376\377\000T\000h\000e\000\040\000n\000i\000m\000b\000l\000e\000L\000i\000s\000t\000\040\000d\000a\000t\000a\000\040\000s\000t\000r\000u\000c\000t\000u\000r\000e}{chapter.12}% 121
\BOOKMARK [2][-]{subsection.12.2.1}{\376\377\000U\000s\000i\000n\000g\000\040\000e\000i\000g\000e\000n\000\040\000a\000n\000d\000\040\000s\000v\000d\000\040\000i\000n\000\040\000n\000i\000m\000b\000l\000e\000F\000u\000n\000c\000t\000i\000o\000n\000s}{section.12.2}% 122
\BOOKMARK [0][-]{chapter.13}{\376\377\000W\000r\000i\000t\000i\000n\000g\000\040\000n\000i\000m\000b\000l\000e\000F\000u\000n\000c\000t\000i\000o\000n\000s\000\040\000t\000h\000a\000t\000\040\000i\000n\000t\000e\000r\000a\000c\000t\000\040\000w\000i\000t\000h\000\040\000m\000o\000d\000e\000l\000s}{part.4}% 123
\BOOKMARK [1][-]{section.13.1}{\376\377\000O\000v\000e\000r\000v\000i\000e\000w}{chapter.13}% 124
\BOOKMARK [1][-]{section.13.2}{\376\377\000U\000s\000i\000n\000g\000\040\000a\000n\000d\000\040\000c\000o\000m\000p\000i\000l\000i\000n\000g\000\040\000n\000i\000m\000b\000l\000e\000F\000u\000n\000c\000t\000i\000o\000n\000s}{chapter.13}% 125
\BOOKMARK [1][-]{section.13.3}{\376\377\000W\000r\000i\000t\000i\000n\000g\000\040\000s\000e\000t\000u\000p\000\040\000c\000o\000d\000e}{chapter.13}% 126
\BOOKMARK [2][-]{subsection.13.3.1}{\376\377\000U\000s\000e\000f\000u\000l\000\040\000t\000o\000o\000l\000s\000\040\000f\000o\000r\000\040\000s\000e\000t\000u\000p\000\040\000f\000u\000n\000c\000t\000i\000o\000n\000s}{section.13.3}% 127
\BOOKMARK [2][-]{subsection.13.3.2}{\376\377\000A\000c\000c\000e\000s\000s\000i\000n\000g\000\040\000a\000n\000d\000\040\000m\000o\000d\000i\000f\000y\000i\000n\000g\000\040\000n\000u\000m\000e\000r\000i\000c\000\040\000v\000a\000l\000u\000e\000s\000\040\000f\000r\000o\000m\000\040\000s\000e\000t\000u\000p}{section.13.3}% 128
\BOOKMARK [2][-]{subsection.13.3.3}{\376\377\000D\000e\000t\000e\000r\000m\000i\000n\000i\000n\000g\000\040\000n\000u\000m\000e\000r\000i\000c\000\040\000t\000y\000p\000e\000s\000\040\000i\000n\000\040\000n\000i\000m\000b\000l\000e\000F\000u\000n\000c\000t\000i\000o\000n\000s}{section.13.3}% 129
\BOOKMARK [2][-]{subsection.13.3.4}{\376\377\000C\000o\000n\000t\000r\000o\000l\000\040\000o\000f\000\040\000s\000e\000t\000u\000p\000\040\000o\000u\000t\000p\000u\000t\000s\000\040}{section.13.3}% 130
\BOOKMARK [1][-]{section.13.4}{\376\377\000W\000r\000i\000t\000i\000n\000g\000\040\000r\000u\000n\000\040\000c\000o\000d\000e}{chapter.13}% 131
\BOOKMARK [2][-]{subsection.13.4.1}{\376\377\000D\000r\000i\000v\000i\000n\000g\000\040\000m\000o\000d\000e\000l\000s\000:\000\040\000c\000a\000l\000c\000u\000l\000a\000t\000e\000,\000\040\000c\000a\000l\000c\000u\000l\000a\000t\000e\000D\000i\000f\000f\000,\000\040\000s\000i\000m\000u\000l\000a\000t\000e\000,\000\040\000g\000e\000t\000L\000o\000g\000P\000r\000o\000b}{section.13.4}% 132
\BOOKMARK [2][-]{subsection.13.4.2}{\376\377\000G\000e\000t\000t\000i\000n\000g\000\040\000a\000n\000d\000\040\000s\000e\000t\000t\000i\000n\000g\000\040\000v\000a\000r\000i\000a\000b\000l\000e\000\040\000a\000n\000d\000\040\000n\000o\000d\000e\000\040\000v\000a\000l\000u\000e\000s}{section.13.4}% 133
\BOOKMARK [2][-]{subsection.13.4.3}{\376\377\000G\000e\000t\000t\000i\000n\000g\000\040\000p\000a\000r\000a\000m\000e\000t\000e\000r\000\040\000v\000a\000l\000u\000e\000s\000\040\000a\000n\000d\000\040\000n\000o\000d\000e\000\040\000b\000o\000u\000n\000d\000s}{section.13.4}% 134
\BOOKMARK [2][-]{subsection.13.4.4}{\376\377\000U\000s\000i\000n\000g\000\040\000m\000o\000d\000e\000l\000V\000a\000l\000u\000e\000s\000\040\000o\000b\000j\000e\000c\000t\000s}{section.13.4}% 135
\BOOKMARK [2][-]{subsection.13.4.5}{\376\377\000U\000s\000i\000n\000g\000\040\000m\000o\000d\000e\000l\000\040\000v\000a\000r\000i\000a\000b\000l\000e\000s\000\040\000a\000n\000d\000\040\000m\000o\000d\000e\000l\000V\000a\000l\000u\000e\000s\000\040\000i\000n\000\040\000e\000x\000p\000r\000e\000s\000s\000i\000o\000n\000s}{section.13.4}% 136
\BOOKMARK [2][-]{subsection.13.4.6}{\376\377\000I\000n\000c\000l\000u\000d\000i\000n\000g\000\040\000o\000t\000h\000e\000r\000\040\000m\000e\000t\000h\000o\000d\000s\000\040\000i\000n\000\040\000a\000\040\000n\000i\000m\000b\000l\000e\000F\000u\000n\000c\000t\000i\000o\000n}{section.13.4}% 137
\BOOKMARK [2][-]{subsection.13.4.7}{\376\377\000U\000s\000i\000n\000g\000\040\000o\000t\000h\000e\000r\000\040\000n\000i\000m\000b\000l\000e\000F\000u\000n\000c\000t\000i\000o\000n\000s}{section.13.4}% 138
\BOOKMARK [2][-]{subsection.13.4.8}{\376\377\000V\000i\000r\000t\000u\000a\000l\000\040\000n\000i\000m\000b\000l\000e\000F\000u\000n\000c\000t\000i\000o\000n\000s\000\040\000a\000n\000d\000\040\000n\000i\000m\000b\000l\000e\000F\000u\000n\000c\000t\000i\000o\000n\000L\000i\000s\000t\000s}{section.13.4}% 139
\BOOKMARK [2][-]{subsection.13.4.9}{\376\377\000C\000h\000a\000r\000a\000c\000t\000e\000r\000\040\000o\000b\000j\000e\000c\000t\000s}{section.13.4}% 140
\BOOKMARK [2][-]{subsection.13.4.10}{\376\377\000U\000s\000e\000r\000-\000d\000e\000f\000i\000n\000e\000d\000\040\000d\000a\000t\000a\000\040\000s\000t\000r\000u\000c\000t\000u\000r\000e\000s}{section.13.4}% 141
\BOOKMARK [1][-]{section.13.5}{\376\377\000E\000x\000a\000m\000p\000l\000e\000:\000\040\000w\000r\000i\000t\000i\000n\000g\000\040\000u\000s\000e\000r\000-\000d\000e\000f\000i\000n\000e\000d\000\040\000s\000a\000m\000p\000l\000e\000r\000s\000\040\000t\000o\000\040\000e\000x\000t\000e\000n\000d\000\040\000N\000I\000M\000B\000L\000E\000'\000s\000\040\000M\000C\000M\000C\000\040\000e\000n\000g\000i\000n\000e}{chapter.13}% 142
\BOOKMARK [1][-]{section.13.6}{\376\377\000C\000o\000p\000y\000i\000n\000g\000\040\000n\000i\000m\000b\000l\000e\000F\000u\000n\000c\000t\000i\000o\000n\000s\000\040\000\050\000a\000n\000d\000\040\000N\000I\000M\000B\000L\000E\000\040\000m\000o\000d\000e\000l\000s\000\051}{chapter.13}% 143
\BOOKMARK [1][-]{section.13.7}{\376\377\000D\000e\000b\000u\000g\000g\000i\000n\000g\000\040\000n\000i\000m\000b\000l\000e\000F\000u\000n\000c\000t\000i\000o\000n\000s}{chapter.13}% 144
\BOOKMARK [1][-]{section.13.8}{\376\377\000T\000i\000m\000i\000n\000g\000\040\000n\000i\000m\000b\000l\000e\000F\000u\000n\000c\000t\000i\000o\000n\000s\000\040\000w\000i\000t\000h\000\040\000r\000u\000n\000.\000t\000i\000m\000e}{chapter.13}% 145
\BOOKMARK [1][-]{section.13.9}{\376\377\000R\000e\000d\000u\000c\000i\000n\000g\000\040\000m\000e\000m\000o\000r\000y\000\040\000u\000s\000a\000g\000e}{chapter.13}% 146
